Build started 9/12/2012 12:51:20 PM.
     1>Project "C:\Users\menhalg\Documents\GitHub\CVirus401\ChatbotPrototype\ChatbotPrototype\ChatbotPrototype.vcxproj" on node 2 (build target(s)).
     1>InitializeBuildStatus:
         Creating "Debug\ChatbotPrototype.unsuccessfulbuild" because "AlwaysCreate" was specified.
       GenerateTargetFrameworkMonikerAttribute:
       Skipping target "GenerateTargetFrameworkMonikerAttribute" because all output files are up-to-date with respect to the input files.
       ClCompile:
         c:\Program Files (x86)\Microsoft Visual Studio 10.0\VC\bin\CL.exe /c /AI"C:\Program Files (x86)\Reference Assemblies\Microsoft\Framework\.NETFramework\v4.0" /Zi /clr /nologo /W3 /WX- /Od /Oy- /D WIN32 /D _DEBUG /D _UNICODE /D UNICODE /EHa /MDd /GS /fp:precise /Zc:wchar_t /Zc:forScope /Fo"Debug\\" /Fd"Debug\vc100.pdb" /TP /analyze- /errorReport:prompt Main.cpp /clr:nostdlib 
         Main.cpp
         All outputs are up-to-date.
       Link:
         c:\Program Files (x86)\Microsoft Visual Studio 10.0\VC\bin\link.exe /ERRORREPORT:PROMPT /OUT:"C:\Users\menhalg\Documents\GitHub\CVirus401\ChatbotPrototype\Debug\ChatbotPrototype.exe" /INCREMENTAL /NOLOGO /MANIFEST /ManifestFile:"Debug\ChatbotPrototype.exe.intermediate.manifest" /MANIFESTUAC:"level='asInvoker' uiAccess='false'" /DEBUG /PDB:"C:\Users\menhalg\Documents\GitHub\CVirus401\ChatbotPrototype\Debug\ChatbotPrototype.pdb" /ASSEMBLYDEBUG /TLBID:1 /DYNAMICBASE /FIXED:NO /NXCOMPAT /MACHINE:X86 Debug\Main.obj
         "Debug\.NETFramework,Version=v4.0.AssemblyAttributes.obj"
         ChatbotPrototype.vcxproj -> C:\Users\menhalg\Documents\GitHub\CVirus401\ChatbotPrototype\Debug\ChatbotPrototype.exe
       Manifest:
         C:\Program Files (x86)\Microsoft SDKs\Windows\v7.0A\bin\mt.exe /nologo /verbose /outputresource:"C:\Users\menhalg\Documents\GitHub\CVirus401\ChatbotPrototype\Debug\ChatbotPrototype.exe;#1" /manifest Debug\ChatbotPrototype.exe.intermediate.manifest
       FinalizeBuildStatus:
         Deleting file "Debug\ChatbotPrototype.unsuccessfulbuild".
         Touching "Debug\ChatbotPrototype.lastbuildstate".
     1>Done Building Project "C:\Users\menhalg\Documents\GitHub\CVirus401\ChatbotPrototype\ChatbotPrototype\ChatbotPrototype.vcxproj" (build target(s)).

Build succeeded.

Time Elapsed 00:00:01.73
